Running: C:\Xilinx\14.7\ISE_DS\ISE\bin\nt64\unwrapped\fuse.exe -intstyle ise -incremental -o C:/Users/Sysuser/Desktop/Practicles/lcd_controller/tb_LCD_CONTROLLER_isim_beh.exe -prj C:/Users/Sysuser/Desktop/Practicles/lcd_controller/tb_LCD_CONTROLLER_beh.prj work.tb_LCD_CONTROLLER 
ISim P.20131013 (signature 0x7708f090)
Number of CPUs detected in this system: 1
Turning on mult-threading, number of parallel sub-compilation jobs: 0 
Determining compilation order of HDL files
Parsing VHDL file "C:/Users/Sysuser/Desktop/Practicles/lcd_controller/lcd_controller.vhd" into library work
Parsing VHDL file "C:/Users/Sysuser/Desktop/Practicles/lcd_controller/test.vhd" into library work
Starting static elaboration
Completed static elaboration
Compiling package standard
Compiling package std_logic_1164
Compiling package std_logic_arith
Compiling package std_logic_unsigned
Compiling architecture behavioral of entity LCD_CONTROLLER [lcd_controller_default]
Compiling architecture sim of entity tb_lcd_controller
Time Resolution for simulation is 1ps.
Compiled 7 VHDL Units
Built simulation executable C:/Users/Sysuser/Desktop/Practicles/lcd_controller/tb_LCD_CONTROLLER_isim_beh.exe
Fuse Memory Usage: 32112 KB
Fuse CPU Usage: 31 ms
