Release 14.7 - xst P.20131013 (nt64)
Copyright (c) 1995-2013 Xilinx, Inc.  All rights reserved.
--> Parameter TMPDIR set to xst/projnav.tmp


Total REAL time to Xst completion: 0.00 secs
Total CPU time to Xst completion: 0.01 secs
 
--> Parameter xsthdpdir set to xst


Total REAL time to Xst completion: 0.00 secs
Total CPU time to Xst completion: 0.01 secs
 
--> Reading design: uni_shift1.prj

TABLE OF CONTENTS
  1) Synthesis Options Summary
  2) HDL Compilation
  3) Design Hierarchy Analysis
  4) HDL Analysis
  5) HDL Synthesis
     5.1) HDL Synthesis Report
  6) Advanced HDL Synthesis
     6.1) Advanced HDL Synthesis Report
  7) Low Level Synthesis
  8) Partition Report
  9) Final Report
	9.1) Device utilization summary
	9.2) Partition Resource Summary
	9.3) TIMING REPORT


=========================================================================
*                      Synthesis Options Summary                        *
=========================================================================
---- Source Parameters
Input File Name                    : "uni_shift1.prj"
Input Format                       : mixed
Ignore Synthesis Constraint File   : NO

---- Target Parameters
Output File Name                   : "uni_shift1"
Output Format                      : NGC
Target Device                      : xc3s400-4-pq208

---- Source Options
Top Module Name                    : uni_shift1
Automatic FSM Extraction           : YES
FSM Encoding Algorithm             : Auto
Safe Implementation                : No
FSM Style                          : LUT
RAM Extraction                     : Yes
RAM Style                          : Auto
ROM Extraction                     : Yes
Mux Style                          : Auto
Decoder Extraction                 : YES
Priority Encoder Extraction        : Yes
Shift Register Extraction          : YES
Logical Shifter Extraction         : YES
XOR Collapsing                     : YES
ROM Style                          : Auto
Mux Extraction                     : Yes
Resource Sharing                   : YES
Asynchronous To Synchronous        : NO
Multiplier Style                   : Auto
Automatic Register Balancing       : No

---- Target Options
Add IO Buffers                     : YES
Global Maximum Fanout              : 500
Add Generic Clock Buffer(BUFG)     : 8
Register Duplication               : YES
Slice Packing                      : YES
Optimize Instantiated Primitives   : NO
Use Clock Enable                   : Yes
Use Synchronous Set                : Yes
Use Synchronous Reset              : Yes
Pack IO Registers into IOBs        : Auto
Equivalent register Removal        : YES

---- General Options
Optimization Goal                  : Speed
Optimization Effort                : 1
Keep Hierarchy                     : No
Netlist Hierarchy                  : As_Optimized
RTL Output                         : Yes
Global Optimization                : AllClockNets
Read Cores                         : YES
Write Timing Constraints           : NO
Cross Clock Analysis               : NO
Hierarchy Separator                : /
Bus Delimiter                      : <>
Case Specifier                     : Maintain
Slice Utilization Ratio            : 100
BRAM Utilization Ratio             : 100
Verilog 2001                       : YES
Auto BRAM Packing                  : NO
Slice Utilization Ratio Delta      : 5

=========================================================================


=========================================================================
*                          HDL Compilation                              *
=========================================================================
Compiling vhdl file "C:/Users/Sysuser/Desktop/Practicles/shift_register/shift_register.vhd" in Library work.
Entity <uni_shift1> compiled.
Entity <uni_shift1> (Architecture <Behavioral>) compiled.

=========================================================================
*                     Design Hierarchy Analysis                         *
=========================================================================
Analyzing hierarchy for entity <uni_shift1> in library <work> (architecture <Behavioral>).


=========================================================================
*                            HDL Analysis                               *
=========================================================================
Analyzing Entity <uni_shift1> in library <work> (Architecture <Behavioral>).
Entity <uni_shift1> analyzed. Unit <uni_shift1> generated.


=========================================================================
*                           HDL Synthesis                               *
=========================================================================

Performing bidirectional port resolution...

Synthesizing Unit <uni_shift1>.
    Related source file is "C:/Users/Sysuser/Desktop/Practicles/shift_register/shift_register.vhd".
    Found 1-bit register for signal <so>.
    Found 1-bit 4-to-1 multiplexer for signal <so$mux0000> created at line 28.
    Found 4-bit register for signal <temp>.
    Found 4-bit 4-to-1 multiplexer for signal <temp$mux0000> created at line 28.
    Summary:
	inferred   5 D-type flip-flop(s).
	inferred   5 Multiplexer(s).
Unit <uni_shift1> synthesized.


=========================================================================
HDL Synthesis Report

Macro Statistics
# Registers                                            : 2
 1-bit register                                        : 1
 4-bit register                                        : 1
# Multiplexers                                         : 2
 1-bit 4-to-1 multiplexer                              : 1
 4-bit 4-to-1 multiplexer                              : 1

=========================================================================

=========================================================================
*                       Advanced HDL Synthesis                          *
=========================================================================


=========================================================================
Advanced HDL Synthesis Report

Macro Statistics
# Registers                                            : 5
 Flip-Flops                                            : 5
# Multiplexers                                         : 2
 1-bit 4-to-1 multiplexer                              : 1
 4-bit 4-to-1 multiplexer                              : 1

=========================================================================

=========================================================================
*                         Low Level Synthesis                           *
=========================================================================

Optimizing unit <uni_shift1> ...

Mapping all equations...
Building and optimizing final netlist ...
Found area constraint ratio of 100 (+ 5) on block uni_shift1, actual ratio is 0.

Final Macro Processing ...

=========================================================================
Final Register Report

Macro Statistics
# Registers                                            : 5
 Flip-Flops                                            : 5

=========================================================================

=========================================================================
*                           Partition Report                            *
=========================================================================

Partition Implementation Status
-------------------------------

  No Partitions were found in this design.

-------------------------------

=========================================================================
*                            Final Report                               *
=========================================================================
Final Results
RTL Top Level Output File Name     : uni_shift1.ngr
Top Level Output File Name         : uni_shift1
Output Format                      : NGC
Optimization Goal                  : Speed
Keep Hierarchy                     : No

Design Statistics
# IOs                              : 15

Cell Usage :
# BELS                             : 13
#      LUT3                        : 5
#      LUT4                        : 4
#      MUXF5                       : 4
# FlipFlops/Latches                : 5
#      FDC                         : 5
# Clock Buffers                    : 1
#      BUFGP                       : 1
# IO Buffers                       : 14
#      IBUF                        : 9
#      OBUF                        : 5
=========================================================================

Device utilization summary:
---------------------------

Selected Device : 3s400pq208-4 

 Number of Slices:                        5  out of   3584     0%  
 Number of Slice Flip Flops:              5  out of   7168     0%  
 Number of 4 input LUTs:                  9  out of   7168     0%  
 Number of IOs:                          15
 Number of bonded IOBs:                  15  out of    141    10%  
 Number of GCLKs:                         1  out of      8    12%  

---------------------------
Partition Resource Summary:
---------------------------

  No Partitions were found in this design.

---------------------------


=========================================================================
TIMING REPORT

NOTE: THESE TIMING NUMBERS ARE ONLY A SYNTHESIS ESTIMATE.
      FOR ACCURATE TIMING INFORMATION PLEASE REFER TO THE TRACE REPORT
      GENERATED AFTER PLACE-and-ROUTE.

Clock Information:
------------------
-----------------------------------+------------------------+-------+
Clock Signal                       | Clock buffer(FF name)  | Load  |
-----------------------------------+------------------------+-------+
clk                                | BUFGP                  | 5     |
-----------------------------------+------------------------+-------+

Asynchronous Control Signals Information:
----------------------------------------
-----------------------------------+------------------------+-------+
Control Signal                     | Buffer(FF name)        | Load  |
-----------------------------------+------------------------+-------+
reset                              | IBUF                   | 5     |
-----------------------------------+------------------------+-------+

Timing Summary:
---------------
Speed Grade: -4

   Minimum period: 3.090ns (Maximum Frequency: 323.625MHz)
   Minimum input arrival time before clock: 4.688ns
   Maximum output required time after clock: 7.281ns
   Maximum combinational path delay: No path found

Timing Detail:
--------------
All values displayed in nanoseconds (ns)

=========================================================================
Timing constraint: Default period analysis for Clock 'clk'
  Clock period: 3.090ns (frequency: 323.625MHz)
  Total number of paths / destination ports: 12 / 5
-------------------------------------------------------------------------
Delay:               3.090ns (Levels of Logic = 2)
  Source:            temp_0 (FF)
  Destination:       temp_1 (FF)
  Source Clock:      clk rising
  Destination Clock: clk rising

  Data Path: temp_0 to temp_1
                                Gate     Net
    Cell:in->out      fanout   Delay   Delay  Logical Name (Net Name)
    ----------------------------------------  ------------
     FDC:C->Q              4   0.720   1.256  temp_0 (temp_0)
     LUT3:I0->O            1   0.551   0.000  Mmux_temp_mux00004_G (N21)
     MUXF5:I1->O           1   0.360   0.000  Mmux_temp_mux00004 (temp_mux0000<1>)
     FDC:D                     0.203          temp_1
    ----------------------------------------
    Total                      3.090ns (1.834ns logic, 1.256ns route)
                                       (59.4% logic, 40.6% route)

=========================================================================
Timing constraint: Default OFFSET IN BEFORE for Clock 'clk'
  Total number of paths / destination ports: 23 / 5
-------------------------------------------------------------------------
Offset:              4.688ns (Levels of Logic = 3)
  Source:            mode<1> (PAD)
  Destination:       so (FF)
  Destination Clock: clk rising

  Data Path: mode<1> to so
                                Gate     Net
    Cell:in->out      fanout   Delay   Delay  Logical Name (Net Name)
    ----------------------------------------  ------------
     IBUF:I->O             8   0.821   1.422  mode_1_IBUF (mode_1_IBUF)
     LUT3:I0->O            1   0.551   1.140  Mmux_so_mux00003_SW0 (N4)
     LUT3:I0->O            1   0.551   0.000  Mmux_so_mux00003 (so_mux0000)
     FDC:D                     0.203          so
    ----------------------------------------
    Total                      4.688ns (2.126ns logic, 2.562ns route)
                                       (45.3% logic, 54.7% route)

=========================================================================
Timing constraint: Default OFFSET OUT AFTER for Clock 'clk'
  Total number of paths / destination ports: 5 / 5
-------------------------------------------------------------------------
Offset:              7.281ns (Levels of Logic = 1)
  Source:            temp_2 (FF)
  Destination:       po<2> (PAD)
  Source Clock:      clk rising

  Data Path: temp_2 to po<2>
                                Gate     Net
    Cell:in->out      fanout   Delay   Delay  Logical Name (Net Name)
    ----------------------------------------  ------------
     FDC:C->Q              4   0.720   0.917  temp_2 (temp_2)
     OBUF:I->O                 5.644          po_2_OBUF (po<2>)
    ----------------------------------------
    Total                      7.281ns (6.364ns logic, 0.917ns route)
                                       (87.4% logic, 12.6% route)

=========================================================================


Total REAL time to Xst completion: 0.00 secs
Total CPU time to Xst completion: 0.28 secs
 
--> 

Total memory usage is 254772 kilobytes

Number of errors   :    0 (   0 filtered)
Number of warnings :    0 (   0 filtered)
Number of infos    :    0 (   0 filtered)

