Release 14.7 - xst P.20131013 (nt64)
Copyright (c) 1995-2013 Xilinx, Inc.  All rights reserved.
--> Parameter TMPDIR set to xst/projnav.tmp


Total REAL time to Xst completion: 0.00 secs
Total CPU time to Xst completion: 0.05 secs
 
--> Parameter xsthdpdir set to xst


Total REAL time to Xst completion: 0.00 secs
Total CPU time to Xst completion: 0.05 secs
 
--> Reading design: counter.prj

TABLE OF CONTENTS
  1) Synthesis Options Summary
  2) HDL Compilation
  3) Design Hierarchy Analysis
  4) HDL Analysis
  5) HDL Synthesis
     5.1) HDL Synthesis Report
  6) Advanced HDL Synthesis
     6.1) Advanced HDL Synthesis Report
  7) Low Level Synthesis
  8) Partition Report
  9) Final Report
	9.1) Device utilization summary
	9.2) Partition Resource Summary
	9.3) TIMING REPORT


=========================================================================
*                      Synthesis Options Summary                        *
=========================================================================
---- Source Parameters
Input File Name                    : "counter.prj"
Input Format                       : mixed
Ignore Synthesis Constraint File   : NO

---- Target Parameters
Output File Name                   : "counter"
Output Format                      : NGC
Target Device                      : xc3s400-4-pq208

---- Source Options
Top Module Name                    : counter
Automatic FSM Extraction           : YES
FSM Encoding Algorithm             : Auto
Safe Implementation                : No
FSM Style                          : LUT
RAM Extraction                     : Yes
RAM Style                          : Auto
ROM Extraction                     : Yes
Mux Style                          : Auto
Decoder Extraction                 : YES
Priority Encoder Extraction        : Yes
Shift Register Extraction          : YES
Logical Shifter Extraction         : YES
XOR Collapsing                     : YES
ROM Style                          : Auto
Mux Extraction                     : Yes
Resource Sharing                   : YES
Asynchronous To Synchronous        : NO
Multiplier Style                   : Auto
Automatic Register Balancing       : No

---- Target Options
Add IO Buffers                     : YES
Global Maximum Fanout              : 500
Add Generic Clock Buffer(BUFG)     : 8
Register Duplication               : YES
Slice Packing                      : YES
Optimize Instantiated Primitives   : NO
Use Clock Enable                   : Yes
Use Synchronous Set                : Yes
Use Synchronous Reset              : Yes
Pack IO Registers into IOBs        : Auto
Equivalent register Removal        : YES

---- General Options
Optimization Goal                  : Speed
Optimization Effort                : 1
Keep Hierarchy                     : No
Netlist Hierarchy                  : As_Optimized
RTL Output                         : Yes
Global Optimization                : AllClockNets
Read Cores                         : YES
Write Timing Constraints           : NO
Cross Clock Analysis               : NO
Hierarchy Separator                : /
Bus Delimiter                      : <>
Case Specifier                     : Maintain
Slice Utilization Ratio            : 100
BRAM Utilization Ratio             : 100
Verilog 2001                       : YES
Auto BRAM Packing                  : NO
Slice Utilization Ratio Delta      : 5

=========================================================================


=========================================================================
*                          HDL Compilation                              *
=========================================================================
Compiling vhdl file "C:/Users/Sysuser/Desktop/Practicles/counter/counter.vhd" in Library work.
Entity <counter> compiled.
Entity <counter> (Architecture <Behavioral>) compiled.

=========================================================================
*                     Design Hierarchy Analysis                         *
=========================================================================
Analyzing hierarchy for entity <counter> in library <work> (architecture <Behavioral>).


=========================================================================
*                            HDL Analysis                               *
=========================================================================
Analyzing Entity <counter> in library <work> (Architecture <Behavioral>).
Entity <counter> analyzed. Unit <counter> generated.


=========================================================================
*                           HDL Synthesis                               *
=========================================================================

Performing bidirectional port resolution...

Synthesizing Unit <counter>.
    Related source file is "C:/Users/Sysuser/Desktop/Practicles/counter/counter.vhd".
    Found 4-bit up counter for signal <s>.
    Found 21-bit up counter for signal <s1>.
    Summary:
	inferred   2 Counter(s).
Unit <counter> synthesized.


=========================================================================
HDL Synthesis Report

Macro Statistics
# Counters                                             : 2
 21-bit up counter                                     : 1
 4-bit up counter                                      : 1

=========================================================================

=========================================================================
*                       Advanced HDL Synthesis                          *
=========================================================================


=========================================================================
Advanced HDL Synthesis Report

Macro Statistics
# Counters                                             : 2
 21-bit up counter                                     : 1
 4-bit up counter                                      : 1

=========================================================================

=========================================================================
*                         Low Level Synthesis                           *
=========================================================================

Optimizing unit <counter> ...

Mapping all equations...
Building and optimizing final netlist ...
Found area constraint ratio of 100 (+ 5) on block counter, actual ratio is 0.

Final Macro Processing ...

=========================================================================
Final Register Report

Macro Statistics
# Registers                                            : 25
 Flip-Flops                                            : 25

=========================================================================

=========================================================================
*                           Partition Report                            *
=========================================================================

Partition Implementation Status
-------------------------------

  No Partitions were found in this design.

-------------------------------

=========================================================================
*                            Final Report                               *
=========================================================================
Final Results
RTL Top Level Output File Name     : counter.ngr
Top Level Output File Name         : counter
Output Format                      : NGC
Optimization Goal                  : Speed
Keep Hierarchy                     : No

Design Statistics
# IOs                              : 5

Cell Usage :
# BELS                             : 67
#      GND                         : 1
#      INV                         : 1
#      LUT1                        : 20
#      LUT2                        : 1
#      LUT3                        : 1
#      LUT4                        : 1
#      MUXCY                       : 20
#      VCC                         : 1
#      XORCY                       : 21
# FlipFlops/Latches                : 25
#      FD                          : 24
#      FDR                         : 1
# Clock Buffers                    : 1
#      BUFGP                       : 1
# IO Buffers                       : 4
#      OBUF                        : 4
=========================================================================

Device utilization summary:
---------------------------

Selected Device : 3s400pq208-4 

 Number of Slices:                       13  out of   3584     0%  
 Number of Slice Flip Flops:             25  out of   7168     0%  
 Number of 4 input LUTs:                 24  out of   7168     0%  
 Number of IOs:                           5
 Number of bonded IOBs:                   5  out of    141     3%  
 Number of GCLKs:                         1  out of      8    12%  

---------------------------
Partition Resource Summary:
---------------------------

  No Partitions were found in this design.

---------------------------


=========================================================================
TIMING REPORT

NOTE: THESE TIMING NUMBERS ARE ONLY A SYNTHESIS ESTIMATE.
      FOR ACCURATE TIMING INFORMATION PLEASE REFER TO THE TRACE REPORT
      GENERATED AFTER PLACE-and-ROUTE.

Clock Information:
------------------
-----------------------------------+------------------------+-------+
Clock Signal                       | Clock buffer(FF name)  | Load  |
-----------------------------------+------------------------+-------+
clk                                | BUFGP                  | 21    |
s1_20                              | NONE(s_1)              | 4     |
-----------------------------------+------------------------+-------+
INFO:Xst:2169 - HDL ADVISOR - Some clock signals were not automatically buffered by XST with BUFG/BUFR resources. Please use the buffer_type constraint in order to insert these buffers to the clock signals to help prevent skew problems.

Asynchronous Control Signals Information:
----------------------------------------
No asynchronous control signals found in this design

Timing Summary:
---------------
Speed Grade: -4

   Minimum period: 5.170ns (Maximum Frequency: 193.424MHz)
   Minimum input arrival time before clock: No path found
   Maximum output required time after clock: 7.285ns
   Maximum combinational path delay: No path found

Timing Detail:
--------------
All values displayed in nanoseconds (ns)

=========================================================================
Timing constraint: Default period analysis for Clock 'clk'
  Clock period: 5.170ns (frequency: 193.424MHz)
  Total number of paths / destination ports: 231 / 21
-------------------------------------------------------------------------
Delay:               5.170ns (Levels of Logic = 21)
  Source:            s1_1 (FF)
  Destination:       s1_20 (FF)
  Source Clock:      clk rising
  Destination Clock: clk rising

  Data Path: s1_1 to s1_20
                                Gate     Net
    Cell:in->out      fanout   Delay   Delay  Logical Name (Net Name)
    ----------------------------------------  ------------
     FD:C->Q               1   0.720   1.140  s1_1 (s1_1)
     LUT1:I0->O            1   0.551   0.000  Mcount_s1_cy<1>_rt (Mcount_s1_cy<1>_rt)
     MUXCY:S->O            1   0.500   0.000  Mcount_s1_cy<1> (Mcount_s1_cy<1>)
     MUXCY:CI->O           1   0.064   0.000  Mcount_s1_cy<2> (Mcount_s1_cy<2>)
     MUXCY:CI->O           1   0.064   0.000  Mcount_s1_cy<3> (Mcount_s1_cy<3>)
     MUXCY:CI->O           1   0.064   0.000  Mcount_s1_cy<4> (Mcount_s1_cy<4>)
     MUXCY:CI->O           1   0.064   0.000  Mcount_s1_cy<5> (Mcount_s1_cy<5>)
     MUXCY:CI->O           1   0.064   0.000  Mcount_s1_cy<6> (Mcount_s1_cy<6>)
     MUXCY:CI->O           1   0.064   0.000  Mcount_s1_cy<7> (Mcount_s1_cy<7>)
     MUXCY:CI->O           1   0.064   0.000  Mcount_s1_cy<8> (Mcount_s1_cy<8>)
     MUXCY:CI->O           1   0.064   0.000  Mcount_s1_cy<9> (Mcount_s1_cy<9>)
     MUXCY:CI->O           1   0.064   0.000  Mcount_s1_cy<10> (Mcount_s1_cy<10>)
     MUXCY:CI->O           1   0.064   0.000  Mcount_s1_cy<11> (Mcount_s1_cy<11>)
     MUXCY:CI->O           1   0.064   0.000  Mcount_s1_cy<12> (Mcount_s1_cy<12>)
     MUXCY:CI->O           1   0.064   0.000  Mcount_s1_cy<13> (Mcount_s1_cy<13>)
     MUXCY:CI->O           1   0.064   0.000  Mcount_s1_cy<14> (Mcount_s1_cy<14>)
     MUXCY:CI->O           1   0.064   0.000  Mcount_s1_cy<15> (Mcount_s1_cy<15>)
     MUXCY:CI->O           1   0.064   0.000  Mcount_s1_cy<16> (Mcount_s1_cy<16>)
     MUXCY:CI->O           1   0.064   0.000  Mcount_s1_cy<17> (Mcount_s1_cy<17>)
     MUXCY:CI->O           1   0.064   0.000  Mcount_s1_cy<18> (Mcount_s1_cy<18>)
     MUXCY:CI->O           0   0.064   0.000  Mcount_s1_cy<19> (Mcount_s1_cy<19>)
     XORCY:CI->O           1   0.904   0.000  Mcount_s1_xor<20> (Result<20>)
     FD:D                      0.203          s1_20
    ----------------------------------------
    Total                      5.170ns (4.030ns logic, 1.140ns route)
                                       (77.9% logic, 22.1% route)

=========================================================================
Timing constraint: Default period analysis for Clock 's1_20'
  Clock period: 2.734ns (frequency: 365.764MHz)
  Total number of paths / destination ports: 10 / 4
-------------------------------------------------------------------------
Delay:               2.734ns (Levels of Logic = 1)
  Source:            s_0 (FF)
  Destination:       s_2 (FF)
  Source Clock:      s1_20 rising
  Destination Clock: s1_20 rising

  Data Path: s_0 to s_2
                                Gate     Net
    Cell:in->out      fanout   Delay   Delay  Logical Name (Net Name)
    ----------------------------------------  ------------
     FDR:C->Q              5   0.720   1.260  s_0 (s_0)
     LUT3:I0->O            1   0.551   0.000  Mcount_s_xor<2>11 (Result<2>1)
     FD:D                      0.203          s_2
    ----------------------------------------
    Total                      2.734ns (1.474ns logic, 1.260ns route)
                                       (53.9% logic, 46.1% route)

=========================================================================
Timing constraint: Default OFFSET OUT AFTER for Clock 's1_20'
  Total number of paths / destination ports: 4 / 4
-------------------------------------------------------------------------
Offset:              7.285ns (Levels of Logic = 1)
  Source:            s_0 (FF)
  Destination:       count<0> (PAD)
  Source Clock:      s1_20 rising

  Data Path: s_0 to count<0>
                                Gate     Net
    Cell:in->out      fanout   Delay   Delay  Logical Name (Net Name)
    ----------------------------------------  ------------
     FDR:C->Q              5   0.720   0.921  s_0 (s_0)
     OBUF:I->O                 5.644          count_0_OBUF (count<0>)
    ----------------------------------------
    Total                      7.285ns (6.364ns logic, 0.921ns route)
                                       (87.4% logic, 12.6% route)

=========================================================================


Total REAL time to Xst completion: 2.00 secs
Total CPU time to Xst completion: 2.38 secs
 
--> 

Total memory usage is 255284 kilobytes

Number of errors   :    0 (   0 filtered)
Number of warnings :    0 (   0 filtered)
Number of infos    :    1 (   0 filtered)

