Release 14.1 - xst P.15xf (nt64)
Copyright (c) 1995-2012 Xilinx, Inc.  All rights reserved.
--> Parameter TMPDIR set to xst/projnav.tmp


Total REAL time to Xst completion: 0.00 secs
Total CPU time to Xst completion: 0.12 secs
 
--> Parameter xsthdpdir set to xst


Total REAL time to Xst completion: 0.00 secs
Total CPU time to Xst completion: 0.12 secs
 
--> Reading design: alu_4bit.prj

TABLE OF CONTENTS
  1) Synthesis Options Summary
  2) HDL Compilation
  3) Design Hierarchy Analysis
  4) HDL Analysis
  5) HDL Synthesis
     5.1) HDL Synthesis Report
  6) Advanced HDL Synthesis
     6.1) Advanced HDL Synthesis Report
  7) Low Level Synthesis
  8) Partition Report
  9) Final Report
	9.1) Device utilization summary
	9.2) Partition Resource Summary
	9.3) TIMING REPORT


=========================================================================
*                      Synthesis Options Summary                        *
=========================================================================
---- Source Parameters
Input File Name                    : "alu_4bit.prj"
Input Format                       : mixed
Ignore Synthesis Constraint File   : NO

---- Target Parameters
Output File Name                   : "alu_4bit"
Output Format                      : NGC
Target Device                      : xc3s400-4-pq208

---- Source Options
Top Module Name                    : alu_4bit
Automatic FSM Extraction           : YES
FSM Encoding Algorithm             : Auto
Safe Implementation                : No
FSM Style                          : LUT
RAM Extraction                     : Yes
RAM Style                          : Auto
ROM Extraction                     : Yes
Mux Style                          : Auto
Decoder Extraction                 : YES
Priority Encoder Extraction        : Yes
Shift Register Extraction          : YES
Logical Shifter Extraction         : YES
XOR Collapsing                     : YES
ROM Style                          : Auto
Mux Extraction                     : Yes
Resource Sharing                   : YES
Asynchronous To Synchronous        : NO
Multiplier Style                   : Auto
Automatic Register Balancing       : No

---- Target Options
Add IO Buffers                     : YES
Global Maximum Fanout              : 100000
Add Generic Clock Buffer(BUFG)     : 8
Register Duplication               : YES
Slice Packing                      : YES
Optimize Instantiated Primitives   : NO
Use Clock Enable                   : Yes
Use Synchronous Set                : Yes
Use Synchronous Reset              : Yes
Pack IO Registers into IOBs        : Auto
Equivalent register Removal        : YES

---- General Options
Optimization Goal                  : Speed
Optimization Effort                : 1
Keep Hierarchy                     : No
Netlist Hierarchy                  : As_Optimized
RTL Output                         : Yes
Global Optimization                : AllClockNets
Read Cores                         : YES
Write Timing Constraints           : NO
Cross Clock Analysis               : NO
Hierarchy Separator                : /
Bus Delimiter                      : <>
Case Specifier                     : Maintain
Slice Utilization Ratio            : 100
BRAM Utilization Ratio             : 100
Verilog 2001                       : YES
Auto BRAM Packing                  : NO
Slice Utilization Ratio Delta      : 5

=========================================================================


=========================================================================
*                          HDL Compilation                              *
=========================================================================
Compiling vhdl file "D:/VLSI Practical/alu_4bit/alu_4bit.vhd" in Library work.
Entity <alu_4bit> compiled.
Entity <alu_4bit> (Architecture <behavioral>) compiled.

=========================================================================
*                     Design Hierarchy Analysis                         *
=========================================================================
Analyzing hierarchy for entity <alu_4bit> in library <work> (architecture <behavioral>).


=========================================================================
*                            HDL Analysis                               *
=========================================================================
Analyzing Entity <alu_4bit> in library <work> (Architecture <behavioral>).
WARNING:Xst:819 - "D:/VLSI Practical/alu_4bit/alu_4bit.vhd" line 45: One or more signals are missing in the process sensitivity list. To enable synthesis of FPGA/CPLD hardware, XST will assume that all necessary signals are present in the sensitivity list. Please note that the result of the synthesis may differ from the initial design specification. The missing signals are:
   <a>
Entity <alu_4bit> analyzed. Unit <alu_4bit> generated.


=========================================================================
*                           HDL Synthesis                               *
=========================================================================

Performing bidirectional port resolution...

Synthesizing Unit <alu_4bit>.
    Related source file is "D:/VLSI Practical/alu_4bit/alu_4bit.vhd".
WARNING:Xst:737 - Found 1-bit latch for signal <y_4>. Latches may be generated from incomplete case or if statements. We do not recommend the use of latches in FPGA/CPLD designs, as they may lead to timing problems.
INFO:Xst:2371 - HDL ADVISOR - Logic functions respectively driving the data and gate enable inputs of this latch share common terms. This situation will potentially lead to setup/hold violations and, as a result, to simulation problems. This situation may come from an incomplete case statement (all selector values are not covered). You should carefully review if it was in your intentions to describe such a latch.
    Found 5-bit 8-to-1 multiplexer for signal <ys>.
    Found 5-bit adder for signal <ys$addsub0000>.
    Found 5-bit xor2 for signal <ys$xor0000> created at line 52.
    Summary:
	inferred   1 Adder/Subtractor(s).
	inferred   5 Multiplexer(s).
Unit <alu_4bit> synthesized.

INFO:Xst:1767 - HDL ADVISOR - Resource sharing has identified that some arithmetic operations in this design can share the same physical resources for reduced device utilization. For improved clock frequency you may try to disable resource sharing.

=========================================================================
HDL Synthesis Report

Macro Statistics
# Adders/Subtractors                                   : 1
 5-bit adder                                           : 1
# Latches                                              : 1
 1-bit latch                                           : 1
# Multiplexers                                         : 1
 5-bit 8-to-1 multiplexer                              : 1
# Xors                                                 : 1
 5-bit xor2                                            : 1

=========================================================================

=========================================================================
*                       Advanced HDL Synthesis                          *
=========================================================================


=========================================================================
Advanced HDL Synthesis Report

Macro Statistics
# Adders/Subtractors                                   : 1
 5-bit adder                                           : 1
# Latches                                              : 1
 1-bit latch                                           : 1
# Multiplexers                                         : 1
 5-bit 8-to-1 multiplexer                              : 1
# Xors                                                 : 1
 5-bit xor2                                            : 1

=========================================================================

=========================================================================
*                         Low Level Synthesis                           *
=========================================================================

Optimizing unit <alu_4bit> ...

Mapping all equations...
Building and optimizing final netlist ...
Found area constraint ratio of 100 (+ 5) on block alu_4bit, actual ratio is 0.

Final Macro Processing ...

=========================================================================
Final Register Report

Found no macro
=========================================================================

=========================================================================
*                           Partition Report                            *
=========================================================================

Partition Implementation Status
-------------------------------

  No Partitions were found in this design.

-------------------------------

=========================================================================
*                            Final Report                               *
=========================================================================
Final Results
RTL Top Level Output File Name     : alu_4bit.ngr
Top Level Output File Name         : alu_4bit
Output Format                      : NGC
Optimization Goal                  : Speed
Keep Hierarchy                     : No

Design Statistics
# IOs                              : 16

Cell Usage :
# BELS                             : 35
#      GND                         : 1
#      LUT2                        : 3
#      LUT3                        : 13
#      LUT4                        : 5
#      MUXF5                       : 9
#      MUXF6                       : 4
# FlipFlops/Latches                : 1
#      LD                          : 1
# IO Buffers                       : 16
#      IBUF                        : 11
#      OBUF                        : 5
=========================================================================

Device utilization summary:
---------------------------

Selected Device : 3s400pq208-4 

 Number of Slices:                       11  out of   3584     0%  
 Number of 4 input LUTs:                 21  out of   7168     0%  
 Number of IOs:                          16
 Number of bonded IOBs:                  16  out of    141    11%  
    IOB Flip Flops:                       1

---------------------------
Partition Resource Summary:
---------------------------

  No Partitions were found in this design.

---------------------------


=========================================================================
TIMING REPORT

NOTE: THESE TIMING NUMBERS ARE ONLY A SYNTHESIS ESTIMATE.
      FOR ACCURATE TIMING INFORMATION PLEASE REFER TO THE TRACE REPORT
      GENERATED AFTER PLACE-and-ROUTE.

Clock Information:
------------------
-----------------------------------+------------------------+-------+
Clock Signal                       | Clock buffer(FF name)  | Load  |
-----------------------------------+------------------------+-------+
y_4_not0001(y_4_not00011:O)        | NONE(*)(y_4)           | 1     |
-----------------------------------+------------------------+-------+
(*) This 1 clock signal(s) are generated by combinatorial logic,
and XST is not able to identify which are the primary clock signals.
Please use the CLOCK_SIGNAL constraint to specify the clock signal(s) generated by combinatorial logic.
INFO:Xst:2169 - HDL ADVISOR - Some clock signals were not automatically buffered by XST with BUFG/BUFR resources. Please use the buffer_type constraint in order to insert these buffers to the clock signals to help prevent skew problems.

Asynchronous Control Signals Information:
----------------------------------------
No asynchronous control signals found in this design

Timing Summary:
---------------
Speed Grade: -4

   Minimum period: No path found
   Minimum input arrival time before clock: 6.268ns
   Maximum output required time after clock: 7.078ns
   Maximum combinational path delay: 11.470ns

Timing Detail:
--------------
All values displayed in nanoseconds (ns)

=========================================================================
Timing constraint: Default OFFSET IN BEFORE for Clock 'y_4_not0001'
  Total number of paths / destination ports: 11 / 1
-------------------------------------------------------------------------
Offset:              6.268ns (Levels of Logic = 5)
  Source:            a<1> (PAD)
  Destination:       y_4 (LATCH)
  Destination Clock: y_4_not0001 falling

  Data Path: a<1> to y_4
                                Gate     Net
    Cell:in->out      fanout   Delay   Delay  Logical Name (Net Name)
    ----------------------------------------  ------------
     IBUF:I->O             5   0.821   1.260  a_1_IBUF (a_1_IBUF)
     LUT4:I0->O            3   0.551   0.975  Madd_ys_addsub0000_cy<1>11 (Madd_ys_addsub0000_cy<1>)
     LUT4:I2->O            1   0.551   0.996  y_4_mux0000_SW1 (N11)
     LUT4:I1->O            1   0.551   0.000  y_4_mux00001 (y_4_mux00001)
     MUXF5:I0->O           1   0.360   0.000  y_4_mux0000_f5 (y_4_mux0000)
     LD:D                      0.203          y_4
    ----------------------------------------
    Total                      6.268ns (3.037ns logic, 3.231ns route)
                                       (48.5% logic, 51.5% route)

=========================================================================
Timing constraint: Default OFFSET OUT AFTER for Clock 'y_4_not0001'
  Total number of paths / destination ports: 1 / 1
-------------------------------------------------------------------------
Offset:              7.078ns (Levels of Logic = 1)
  Source:            y_4 (LATCH)
  Destination:       y<4> (PAD)
  Source Clock:      y_4_not0001 falling

  Data Path: y_4 to y<4>
                                Gate     Net
    Cell:in->out      fanout   Delay   Delay  Logical Name (Net Name)
    ----------------------------------------  ------------
     LD:G->Q               1   0.633   0.801  y_4 (y_4)
     OBUF:I->O                 5.644          y_4_OBUF (y<4>)
    ----------------------------------------
    Total                      7.078ns (6.277ns logic, 0.801ns route)
                                       (88.7% logic, 11.3% route)

=========================================================================
Timing constraint: Default path analysis
  Total number of paths / destination ports: 68 / 4
-------------------------------------------------------------------------
Delay:               11.470ns (Levels of Logic = 6)
  Source:            a<3> (PAD)
  Destination:       y<3> (PAD)

  Data Path: a<3> to y<3>
                                Gate     Net
    Cell:in->out      fanout   Delay   Delay  Logical Name (Net Name)
    ----------------------------------------  ------------
     IBUF:I->O             5   0.821   1.260  a_3_IBUF (a_3_IBUF)
     LUT2:I0->O            1   0.551   1.140  Madd_ys_addsub0000_lut<3>1 (Madd_ys_addsub0000_lut<3>)
     LUT4:I0->O            1   0.551   0.000  Madd_ys_addsub0000_xor<3>11 (ys_addsub0000<3>)
     MUXF5:I0->O           1   0.360   0.000  Mmux_ys_4_f5_2 (Mmux_ys_4_f53)
     MUXF6:I0->O           1   0.342   0.801  Mmux_ys_2_f6_2 (y_3_OBUF)
     OBUF:I->O                 5.644          y_3_OBUF (y<3>)
    ----------------------------------------
    Total                     11.470ns (8.269ns logic, 3.201ns route)
                                       (72.1% logic, 27.9% route)

=========================================================================


Total REAL time to Xst completion: 3.00 secs
Total CPU time to Xst completion: 2.76 secs
 
--> 

Total memory usage is 4510740 kilobytes

Number of errors   :    0 (   0 filtered)
Number of warnings :    2 (   0 filtered)
Number of infos    :    3 (   0 filtered)

