--------------------------------------------------------------------------------
Release 14.1 Trace  (nt64)
Copyright (c) 1995-2012 Xilinx, Inc.  All rights reserved.

C:\Xilinx\14.1\ISE_DS\ISE\bin\nt64\unwrapped\trce.exe -intstyle ise -v 3 -s 4
-n 3 -fastpaths -xml alu_4bit.twx alu_4bit.ncd -o alu_4bit.twr alu_4bit.pcf
-ucf alu_4bit.ucf

Design file:              alu_4bit.ncd
Physical constraint file: alu_4bit.pcf
Device,package,speed:     xc3s400,pq208,-4 (PRODUCTION 1.39 2012-04-23)
Report level:             verbose report

Environment Variable      Effect 
--------------------      ------ 
NONE                      No environment variables were set
--------------------------------------------------------------------------------

INFO:Timing:3412 - To improve timing, see the Timing Closure User Guide (UG612).
INFO:Timing:2752 - To get complete path coverage, use the unconstrained paths 
   option. All paths that are not constrained will be reported in the 
   unconstrained paths section(s) of the report.
INFO:Timing:3339 - The clock-to-out numbers in this timing report are based on 
   a 50 Ohm transmission line loading model.  For the details of this model, 
   and for more information on accounting for different loading conditions, 
   please see the device datasheet.
INFO:Timing:3390 - This architecture does not support a default System Jitter 
   value, please add SYSTEM_JITTER constraint to the UCF to modify the Clock 
   Uncertainty calculation.
INFO:Timing:3389 - This architecture does not support 'Discrete Jitter' and 
   'Phase Error' calculations, these terms will be zero in the Clock 
   Uncertainty calculation.  Please make appropriate modification to 
   SYSTEM_JITTER to account for the unsupported Discrete Jitter and Phase 
   Error.

================================================================================
Timing constraint: TS_opcode_1_ = PERIOD TIMEGRP "opcode<1>" 20 ns HIGH 50%;
For more information, see Period Analysis in the Timing Closure User Guide (UG612).

 0 paths analyzed, 0 endpoints analyzed, 0 failing endpoints
 0 timing errors detected. (0 component switching limit errors)
 Minimum period is   1.514ns.
--------------------------------------------------------------------------------

Component Switching Limit Checks: TS_opcode_1_ = PERIOD TIMEGRP "opcode<1>" 20 ns HIGH 50%;
--------------------------------------------------------------------------------
Slack: 18.486ns (period - (min low pulse limit / (low pulse / period)))
  Period: 20.000ns
  Low pulse: 10.000ns
  Low pulse limit: 0.757ns (Tcl)
  Physical resource: y<4>/OTCLK1
  Logical resource: y_4/CK
  Location pin: P76.OTCLK1
  Clock network: y_4_not0001
--------------------------------------------------------------------------------
Slack: 18.486ns (period - (min high pulse limit / (high pulse / period)))
  Period: 20.000ns
  High pulse: 10.000ns
  High pulse limit: 0.757ns (Tch)
  Physical resource: y<4>/OTCLK1
  Logical resource: y_4/CK
  Location pin: P76.OTCLK1
  Clock network: y_4_not0001
--------------------------------------------------------------------------------
Slack: 18.486ns (period - min period limit)
  Period: 20.000ns
  Min period limit: 1.514ns (660.502MHz) (Tcp)
  Physical resource: y<4>/OTCLK1
  Logical resource: y_4/CK
  Location pin: P76.OTCLK1
  Clock network: y_4_not0001
--------------------------------------------------------------------------------


All constraints were met.


Data Sheet report:
-----------------
No constraints were found to generate data for the Data Sheet Report section.
Use the Advanced Analysis (-a) option or generate global constraints for each
clock, its pad to setup and clock to pad paths, and a pad to pad constraint.

Timing summary:
---------------

Timing errors: 0  Score: 0  (Setup/Max: 0, Hold: 0)

Constraints cover 0 paths, 0 nets, and 0 connections

Design statistics:
   Minimum period:   1.514ns{1}   (Maximum frequency: 660.502MHz)


------------------------------------Footnotes-----------------------------------
1)  The minimum period statistic assumes all single cycle delays.

Analysis completed Sat Nov 01 17:28:44 2025 
--------------------------------------------------------------------------------

Trace Settings:
-------------------------
Trace Settings 

Peak Memory Usage: 4491 MB



