Running: fuse.exe -relaunch -intstyle "ise" -incremental -o "D:/VLSI Practical/alu_4bit/test_isim_beh.exe" -prj "D:/VLSI Practical/alu_4bit/test_beh.prj" "work.test" 
ISim P.15xf (signature 0xc3576ebc)
Number of CPUs detected in this system: 12
Turning on mult-threading, number of parallel sub-compilation jobs: 24 
Determining compilation order of HDL files
Parsing VHDL file "D:/VLSI Practical/alu_4bit/alu_4bit.vhd" into library work
Parsing VHDL file "D:/VLSI Practical/alu_4bit/test.vhd" into library work
Starting static elaboration
Completed static elaboration
Compiling package standard
Compiling package std_logic_1164
Compiling package std_logic_arith
Compiling package std_logic_unsigned
Compiling architecture behavioral of entity alu_4bit [alu_4bit_default]
Compiling architecture behavior of entity test
Time Resolution for simulation is 1ps.
Waiting for 1 sub-compilation(s) to finish...
Compiled 7 VHDL Units
Built simulation executable D:/VLSI Practical/alu_4bit/test_isim_beh.exe
Fuse Memory Usage: 33552 KB
Fuse CPU Usage: 281 ms
