ISim log file
Running: D:\VLSI Practical\alu_4bit\test_isim_beh.exe -intstyle ise -gui -tclbatch isim.cmd -wdb D:/VLSI Practical/alu_4bit/test_isim_beh.wdb 
ISim P.15xf (signature 0xc3576ebc)
This is a Full version of ISim.
Time resolution is 1 ps
# onerror resume
# wave add /
# run 1000 ns
Simulator is doing circuit initialization process.
at 0 ps, Instance /test/uut/ : Warning: There is an 'U'|'X'|'W'|'Z'|'-' in an arithmetic operand, the result will be 'X'(es).
Finished circuit initialization process.
# run all
# run all
# run all
# run all
# run all
# run all
# run all
# run all
# run all
# run all
# run all
# run all
# run all
